

times in msec
 clock   self+sourced   self:  sourced script
 clock   elapsed:              other lines

000.021  000.021: --- NVIM STARTING ---
000.254  000.233: event init
000.442  000.189: early init
000.566  000.124: locale set
000.636  000.070: init first window
001.186  000.550: inits 1
001.208  000.022: window checked
001.213  000.005: parsing arguments
002.137  000.147  000.147: require('vim.shared')
002.366  000.085  000.085: require('vim._meta')
002.370  000.226  000.141: require('vim._editor')
002.373  000.439  000.066: require('vim._init_packages')
002.376  000.725: init lua interpreter
002.450  000.074: expanding arguments
002.546  000.095: inits 2
003.103  000.557: init highlight
003.106  000.003: waiting for UI
005.014  001.908: done waiting for UI
005.042  000.028: init screen for UI
005.389  000.347: init default mappings
005.437  000.047: init default autocommands
008.790  000.133  000.133: sourcing /usr/share/nvim/runtime/ftplugin.vim
009.138  000.067  000.067: sourcing /usr/share/nvim/runtime/indent.vim
012.260  000.550  000.550: require('packer.util')
012.355  002.577  002.026: require('packer')
015.161  000.754  000.754: require('packer.log')
015.209  001.386  000.632: require('packer.async')
016.234  000.308  000.308: require('packer.result')
016.244  001.029  000.721: require('packer.jobs')
016.257  003.841  001.426: require('packer.plugin_utils')
016.776  000.495  000.495: require('packer.snapshot')
017.644  008.274  001.361: require('plugins.packer')
017.750  000.099  000.099: require('settings')
017.925  000.083  000.083: require('Comment')
018.399  000.122  000.122: require('Comment.config')
019.337  000.406  000.406: require('Comment.ft')
019.351  000.946  000.540: require('Comment.utils')
019.636  000.281  000.281: require('Comment.opfunc')
019.816  000.175  000.175: require('Comment.extra')
019.825  001.893  000.370: require('Comment.api')
020.081  000.010  000.010: require('vim.keymap')
020.318  002.562  000.575: require('plugins.comment')
027.448  000.450  000.450: require('vim.lsp.log')
029.186  000.016  000.016: require('vim.F')
029.198  001.740  001.723: require('vim.lsp.protocol')
032.839  000.843  000.843: require('vim.lsp._snippet')
033.226  000.377  000.377: require('vim.highlight')
033.260  004.057  002.837: require('vim.lsp.util')
033.303  007.265  001.018: require('vim.lsp.handlers')
034.265  000.958  000.958: require('vim.lsp.rpc')
034.821  000.550  000.550: require('vim.lsp.sync')
036.112  001.285  001.285: require('vim.lsp.buf')
036.593  000.475  000.475: require('vim.lsp.diagnostic')
037.144  000.545  000.545: require('vim.lsp.codelens')
037.327  014.791  003.713: require('vim.lsp')
037.402  015.759  000.968: require('lspconfig.util')
037.408  016.611  000.852: require('lspconfig.configs')
037.413  016.882  000.271: require('lspconfig')
037.879  000.225  000.225: require('cmp_nvim_lsp.source')
037.889  000.473  000.249: require('cmp_nvim_lsp')
038.162  000.232  000.232: require('lspconfig.server_configurations.html')
039.040  000.266  000.266: require('lspconfig.server_configurations.tsserver')
039.499  000.241  000.241: require('lspconfig.server_configurations.cssls')
040.271  000.380  000.380: require('lspconfig.server_configurations.tailwindcss')
041.125  000.254  000.254: require('lspconfig.server_configurations.emmet_ls')
041.788  000.271  000.271: require('lspconfig.server_configurations.sumneko_lua')
042.030  021.707  002.707: require('lsp.lspconfig')
042.867  000.237  000.237: require('mason-core.path')
042.888  000.505  000.267: require('mason.settings')
043.650  000.304  000.304: require('mason-core.functional')
044.044  000.151  000.151: require('mason-core.functional.data')
044.053  000.380  000.229: require('mason-core.functional.function')
044.217  000.143  000.143: require('mason-core.functional.relation')
044.397  000.171  000.171: require('mason-core.functional.logic')
044.426  001.534  000.537: require('mason-core.platform')
044.430  002.274  000.235: require('mason')
045.111  000.404  000.404: require('mason-core.log')
045.119  000.687  000.283: require('mason-lspconfig')
045.467  000.315  000.315: require('mason-null-ls')
046.161  000.337  000.337: require('mason-core.functional.list')
046.194  000.705  000.368: require('mason.api.command')
046.333  000.134  000.134: require('mason-lspconfig.settings')
046.700  000.131  000.131: require('mason-core.notify')
046.709  000.361  000.230: require('mason-lspconfig.lspconfig_hook')
047.286  000.352  000.352: require('mason-core.functional.table')
047.382  000.657  000.305: require('mason-lspconfig.mappings.server')
048.209  000.351  000.351: require('mason-core.async')
048.355  000.139  000.139: require('mason-core.async.uv')
048.365  000.766  000.275: require('mason-core.fs')
048.563  000.196  000.196: require('mason-core.optional')
048.744  000.177  000.177: require('mason-core.EventEmitter')
049.048  000.300  000.300: require('mason-registry.index')
049.063  001.678  000.239: require('mason-registry')
049.178  000.111  000.111: require('mason-lspconfig.server_config_extensions')
049.412  000.229  000.229: require('lspconfig.server_configurations.omnisharp')
049.597  000.156  000.156: require('mason-lspconfig.ensure_installed')
050.462  000.232  000.232: require('mason-core.result')
051.614  000.443  000.443: require('mason-core.process')
051.931  001.038  000.595: require('mason-core.spawn')
052.206  000.268  000.268: require('mason-core.receipt')
052.415  000.198  000.198: require('mason-core.functional.string')
052.493  002.027  000.522: require('mason-core.installer.context')
052.714  000.217  000.217: require('mason-core.installer.linker')
052.914  000.196  000.196: require('mason-core.async.control')
052.925  003.008  000.337: require('mason-core.installer')
053.271  000.344  000.344: require('mason-core.installer.handle')
054.395  000.176  000.176: require('mason-core.managers.powershell')
054.401  000.439  000.263: require('mason-core.fetch')
054.405  000.575  000.137: require('mason-core.managers.cargo.client')
055.063  000.342  000.342: require('mason-core.managers.std')
055.500  000.199  000.199: require('mason-core.providers')
055.520  000.451  000.252: require('mason-core.managers.github.client')
055.530  001.123  000.330: require('mason-core.managers.github')
055.576  002.092  000.393: require('mason-core.managers.cargo')
055.890  000.310  000.310: require('mason-core.managers.composer')
056.262  000.368  000.368: require('mason-core.managers.gem')
056.518  000.250  000.250: require('mason-core.managers.git')
056.887  000.365  000.365: require('mason-core.managers.go')
057.240  000.348  000.348: require('mason-core.managers.luarocks')
057.597  000.352  000.352: require('mason-core.managers.npm')
058.078  000.476  000.476: require('mason-core.managers.pip3')
058.090  004.813  000.252: require('mason-core.package.version-check')
058.104  008.502  000.337: require('mason-core.package')
058.392  000.237  000.237: require('mason-registry.typescript-language-server')
058.709  000.190  000.190: require('mason-registry.html-lsp')
058.891  000.165  000.165: require('mason-registry.css-lsp')
059.086  000.180  000.180: require('mason-registry.tailwindcss-language-server')
059.321  000.217  000.217: require('mason-registry.lua-language-server')
059.494  000.159  000.159: require('mason-registry.emmet-ls')
060.039  000.170  000.170: require('mason-core.functional.number')
060.087  000.586  000.417: require('mason-lspconfig.api.command')
060.252  000.160  000.160: require('mason-null-ls.settings')
060.481  000.187  000.187: require('mason-null-ls.ensure_installed')
060.711  000.211  000.211: require('mason-null-ls.mappings.source')
060.900  000.179  000.179: require('mason-registry.prettier')
061.184  000.268  000.268: require('mason-registry.stylua')
061.372  000.168  000.168: require('mason-registry.eslint_d')
061.615  000.236  000.236: require('mason-null-ls.automatic_installation')
063.247  000.335  000.335: require('null-ls.methods')
063.277  000.983  000.648: require('null-ls.utils')
065.588  002.307  002.307: require('vim.diagnostic')
065.830  003.791  000.501: require('null-ls.config')
065.846  004.028  000.237: require('null-ls.logger')
065.903  004.284  000.257: require('null-ls.builtins')
066.656  000.706  000.706: require('mason-null-ls.api.command')
066.662  024.622  000.677: require('lsp.mason')
067.456  000.194  000.194: require('null-ls.helpers.cache')
067.832  000.371  000.371: require('null-ls.helpers.diagnostics')
067.990  000.153  000.153: require('null-ls.helpers.formatter_factory')
068.672  000.223  000.223: require('null-ls.state')
068.679  000.685  000.462: require('null-ls.helpers.generator_factory')
069.150  000.225  000.225: require('null-ls.helpers.command_resolver')
069.156  000.474  000.249: require('null-ls.helpers.make_builtin')
069.353  000.195  000.195: require('null-ls.helpers.range_formatting_args_factory')
069.358  002.258  000.187: require('null-ls.helpers')
070.132  000.336  000.336: require('null-ls.diagnostics')
070.149  000.789  000.453: require('null-ls.sources')
070.155  003.320  000.273: require('null-ls')
070.457  000.288  000.288: require('null-ls.builtins.formatting.prettier')
070.652  000.188  000.188: require('null-ls.builtins.formatting.stylua')
071.075  000.262  000.262: require('null-ls.builtins.diagnostics.eslint')
071.134  000.476  000.213: require('null-ls.builtins.diagnostics.eslint_d')
071.886  000.415  000.415: require('null-ls.client')
071.934  005.268  000.581: require('formatters.null_ls')
072.633  000.696  000.696: require('core.options')
073.055  000.416  000.416: require('core.keymaps')
073.061  063.752  000.109: sourcing /home/amm834/.config/nvim/init.lua
073.075  003.685: sourcing vimrc file(s)
074.059  000.680  000.680: sourcing /usr/share/nvim/runtime/filetype.lua
074.130  000.027  000.027: sourcing /usr/share/nvim/runtime/filetype.vim
074.586  000.148  000.148: sourcing /usr/share/nvim/runtime/syntax/synload.vim
074.831  000.589  000.441: sourcing /usr/share/nvim/runtime/syntax/syntax.vim
076.641  000.250  000.250: sourcing /usr/share/nvim/runtime/plugin/gzip.vim
076.694  000.019  000.019: sourcing /usr/share/nvim/runtime/plugin/health.vim
077.568  000.252  000.252: sourcing /usr/share/nvim/runtime/pack/dist/opt/matchit/plugin/matchit.vim
077.784  001.065  000.813: sourcing /usr/share/nvim/runtime/plugin/matchit.vim
078.034  000.220  000.220: sourcing /usr/share/nvim/runtime/plugin/matchparen.vim
078.586  000.521  000.521: sourcing /usr/share/nvim/runtime/plugin/netrwPlugin.vim
078.861  000.015  000.015: sourcing /home/amm834/.local/share/nvim/rplugin.vim
078.875  000.237  000.222: sourcing /usr/share/nvim/runtime/plugin/rplugin.vim
079.034  000.125  000.125: sourcing /usr/share/nvim/runtime/plugin/shada.vim
079.118  000.037  000.037: sourcing /usr/share/nvim/runtime/plugin/spellfile.vim
079.348  000.172  000.172: sourcing /usr/share/nvim/runtime/plugin/tarPlugin.vim
079.516  000.123  000.123: sourcing /usr/share/nvim/runtime/plugin/tohtml.vim
079.580  000.026  000.026: sourcing /usr/share/nvim/runtime/plugin/tutor.vim
079.837  000.220  000.220: sourcing /usr/share/nvim/runtime/plugin/zipPlugin.vim
083.651  000.444  000.444: require('packer.load')
087.605  000.172  000.172: require('cmp.utils.debug')
088.241  000.330  000.330: require('cmp.utils.char')
088.254  000.642  000.312: require('cmp.utils.str')
088.440  000.183  000.183: require('cmp.utils.pattern')
089.407  000.344  000.344: require('cmp.utils.misc')
089.578  000.166  000.166: require('cmp.utils.buffer')
089.805  000.222  000.222: require('cmp.utils.api')
089.814  001.148  000.416: require('cmp.utils.keymap')
089.820  001.376  000.228: require('cmp.utils.feedkeys')
090.092  000.269  000.269: require('cmp.utils.async')
090.663  000.180  000.180: require('cmp.types.cmp')
090.924  000.256  000.256: require('cmp.types.lsp')
091.111  000.183  000.183: require('cmp.types.vim')
091.116  000.782  000.163: require('cmp.types')
091.315  000.197  000.197: require('cmp.utils.cache')
091.322  001.225  000.247: require('cmp.context')
092.472  000.299  000.299: require('cmp.config.mapping')
093.130  000.413  000.413: require('cmp.config.compare')
093.139  000.660  000.247: require('cmp.config.default')
093.157  001.342  000.383: require('cmp.config')
094.278  000.373  000.373: require('cmp.matcher')
094.291  001.109  000.737: require('cmp.entry')
094.301  002.977  000.526: require('cmp.source')
094.898  000.201  000.201: require('cmp.utils.event')
095.666  000.451  000.451: require('cmp.utils.window')
095.673  000.769  000.318: require('cmp.view.docs_view')
096.649  000.315  000.315: require('cmp.utils.autocmd')
096.664  000.988  000.674: require('cmp.view.custom_entries_view')
097.129  000.463  000.463: require('cmp.view.wildmenu_entries_view')
097.485  000.351  000.351: require('cmp.view.native_entries_view')
097.749  000.260  000.260: require('cmp.view.ghost_text_view')
097.767  003.463  000.432: require('cmp.view')
098.007  011.313  001.005: require('cmp.core')
098.316  000.174  000.174: require('cmp.config.sources')
098.483  000.162  000.162: require('cmp.config.window')
098.551  015.350  003.257: require('cmp')
098.991  017.898  002.548: require('lsp.nvim_cmp')
112.434  013.437  013.437: require('impatient')
112.681  000.132  000.132: require('lspsaga')
112.903  000.081  000.081: require('lspsaga.window')
112.922  000.166  000.085: require('lspsaga.libs')
113.161  000.133  000.133: require('lspsaga.wrap')
113.171  000.245  000.112: require('lspsaga.codeaction')
113.202  000.512  000.102: require('lspsaga.lightbulb')
113.336  000.103  000.103: require('lspsaga.lspkind')
113.342  000.893  000.146: require('lsp.saga')
114.293  000.104  000.104: sourcing /home/amm834/.local/share/nvim/site/pack/packer/start/dracula/autoload/dracula.vim
117.931  004.384  004.281: sourcing /home/amm834/.local/share/nvim/site/pack/packer/start/dracula/colors/dracula.vim
117.947  004.600  000.216: require('plugins.theme')
119.459  000.058  000.058: require('luasnip.util.types')
119.525  000.059  000.059: require('luasnip.util.ext_opts')
122.554  003.025  003.025: require('luasnip.extras.filetype_functions')
122.644  000.083  000.083: require('luasnip.session')
122.893  000.089  000.089: require('luasnip.util.util')
122.990  000.093  000.093: require('luasnip.nodes.util')
123.091  000.096  000.096: require('luasnip.util.events')
123.108  000.379  000.100: require('luasnip.nodes.node')
123.203  000.056  000.056: require('luasnip.util.extend_decorator')
123.213  000.564  000.129: require('luasnip.nodes.insertNode')
123.526  000.180  000.180: require('luasnip.util.mark')
123.722  000.070  000.070: require('luasnip.nodes.textNode')
124.253  000.422  000.422: require('luasnip.util._builtin_vars')
124.390  000.125  000.125: require('vim.inspect')
124.538  000.810  000.263: require('luasnip.util.environ')
124.619  000.076  000.076: require('luasnip.util.pattern_tokenizer')
124.680  000.056  000.056: require('luasnip.util.dict')
124.762  000.078  000.078: require('luasnip.session.snippet_collection')
124.813  001.281  000.190: require('luasnip.nodes.snippet')
124.827  001.612  000.151: require('luasnip.nodes.choiceNode')
124.933  000.085  000.085: require('luasnip.nodes.functionNode')
125.081  000.144  000.144: require('luasnip.nodes.dynamicNode')
125.282  000.196  000.196: require('luasnip.nodes.restoreNode')
125.348  000.060  000.060: require('luasnip.nodes.absolute_indexer')
125.440  000.087  000.087: require('luasnip.extras')
125.564  000.054  000.054: require('luasnip.util.str')
125.574  000.127  000.073: require('luasnip.extras.fmt')
125.817  000.115  000.115: require('luasnip.extras.conditions')
125.879  000.057  000.057: require('luasnip.extras.conditions.show')
125.888  000.265  000.093: require('luasnip.extras.conditions.expand')
125.890  000.313  000.049: require('luasnip.extras.expand_conditions')
125.952  000.059  000.059: require('luasnip.extras.postfix')
126.137  000.059  000.059: require('luasnip.util.parser.neovim_ast')
127.134  000.072  000.072: require('luasnip.util.directed_graph')
127.146  001.135  001.005: require('luasnip.util.parser.ast_utils')
127.302  000.053  000.053: require('luasnip.util.functions')
127.313  000.164  000.111: require('luasnip.util.parser.ast_parser')
127.447  000.131  000.131: require('luasnip.util.parser.neovim_parser')
127.456  001.500  000.070: require('luasnip.util.parser')
127.842  008.638  000.664: require('luasnip.config')
127.970  008.953  000.315: sourcing /home/amm834/.local/share/nvim/site/pack/packer/opt/LuaSnip/plugin/luasnip.vim
128.218  000.025  000.025: sourcing /home/amm834/.local/share/nvim/site/pack/packer/opt/LuaSnip/ftdetect/snippets.vim
130.267  000.054  000.054: require('nvim-autopairs._log')
130.350  000.077  000.077: require('nvim-autopairs.utils')
130.583  000.110  000.110: require('nvim-autopairs.conds')
130.595  000.179  000.069: require('nvim-autopairs.rule')
130.598  000.244  000.065: require('nvim-autopairs.rules.basic')
130.612  000.522  000.147: require('nvim-autopairs')
131.152  001.121  000.599: require('plugins.auto_pairs')
131.301  051.279  004.352: sourcing /home/amm834/.config/nvim/plugin/packer_compiled.lua
131.787  000.073  000.073: sourcing /usr/share/nvim/runtime/plugin/man.lua
131.818  003.079: loading rtp plugins
132.650  000.256  000.256: sourcing /home/amm834/.local/share/nvim/site/pack/packer/start/Comment.nvim/plugin/Comment.lua
133.780  000.590  000.590: sourcing /home/amm834/.local/share/nvim/site/pack/packer/start/lspsaga.nvim/plugin/lspsaga.lua
134.367  000.104  000.104: require('cmp.utils.highlight')
134.780  000.578  000.474: sourcing /home/amm834/.local/share/nvim/site/pack/packer/start/nvim-cmp/plugin/cmp.lua
135.167  000.132  000.132: sourcing /home/amm834/.local/share/nvim/site/pack/packer/start/nvim-lspconfig/plugin/lspconfig.lua
135.382  000.074  000.074: sourcing /home/amm834/.local/share/nvim/site/pack/packer/start/nvim-web-devicons/plugin/nvim-web-devicons.vim
135.662  000.049  000.049: sourcing /home/amm834/.local/share/nvim/site/pack/packer/start/plenary.nvim/plugin/plenary.vim
135.911  000.018  000.018: sourcing /home/amm834/.local/share/nvim/site/pack/packer/start/which-key.nvim/plugin/which-key.vim
136.298  002.784: loading packages
139.168  000.109  000.109: require('gitsigns.async')
139.277  000.096  000.096: require('gitsigns.status')
139.481  000.073  000.073: require('gitsigns.debug')
139.775  000.290  000.290: require('gitsigns.util')
140.059  000.203  000.203: require('gitsigns.uv')
140.074  000.293  000.090: require('gitsigns.subprocess')
140.585  000.059  000.059: require('gitsigns.message')
140.614  000.280  000.221: require('gitsigns.config')
140.666  000.048  000.048: require('gitsigns.signs.base')
140.674  000.391  000.063: require('gitsigns.signs')
140.681  000.602  000.211: require('gitsigns.hunks')
140.697  001.412  000.155: require('gitsigns.git')
140.977  000.109  000.109: require('gitsigns.cache')
141.067  000.079  000.079: require('gitsigns.debounce')
141.155  000.081  000.081: require('gitsigns.diff')
141.187  000.488  000.219: require('gitsigns.manager')
141.320  000.128  000.128: require('gitsigns.highlight')
141.345  002.528  000.294: require('gitsigns')
141.634  002.991  000.463: sourcing /home/amm834/.local/share/nvim/site/pack/packer/start/dracula/after/plugin/dracula.vim
142.385  000.052  000.052: require('cmp_buffer.timer')
142.397  000.150  000.098: require('cmp_buffer.buffer')
142.402  000.216  000.067: require('cmp_buffer.source')
142.405  000.274  000.057: require('cmp_buffer')
142.446  000.354  000.080: sourcing /home/amm834/.local/share/nvim/site/pack/packer/start/cmp-buffer/after/plugin/cmp_buffer.lua
142.744  000.129  000.129: require('cmp_cmdline')
142.772  000.188  000.059: sourcing /home/amm834/.local/share/nvim/site/pack/packer/start/cmp-cmdline/after/plugin/cmp_cmdline.lua
143.040  000.128  000.128: sourcing /home/amm834/.local/share/nvim/site/pack/packer/start/cmp-nvim-lsp/after/plugin/cmp_nvim_lsp.lua
143.307  000.104  000.104: require('cmp_path')
143.336  000.159  000.055: sourcing /home/amm834/.local/share/nvim/site/pack/packer/start/cmp-path/after/plugin/cmp_path.lua
143.679  000.068  000.068: require('cmp_nvim_lua')
143.712  000.184  000.117: sourcing /home/amm834/.local/share/nvim/site/pack/packer/opt/cmp-nvim-lua/after/plugin/cmp_nvim_lua.lua
143.947  000.073  000.073: require('cmp_luasnip')
144.055  000.216  000.142: sourcing /home/amm834/.local/share/nvim/site/pack/packer/opt/cmp_luasnip/after/plugin/cmp_luasnip.lua
144.087  003.570: loading after plugins
144.108  000.021: inits 3
148.692  004.584: reading ShaDa
149.108  000.077  000.077: require('luasnip.loaders._caches')
149.208  000.093  000.093: require('luasnip.util.path')
149.287  000.075  000.075: require('luasnip.loaders.util')
149.518  000.090  000.090: require('luasnip.loaders')
149.551  000.260  000.170: require('luasnip')
149.557  000.636  000.132: require('luasnip.loaders.from_lua')
149.762  000.094  000.094: require('luasnip.nodes.snippetProxy')
149.772  000.176  000.082: require('luasnip.loaders.from_snipmate')
149.896  000.096  000.096: require('luasnip.loaders.from_vscode')
150.736  000.131  000.131: require('dashboard')
150.825  000.082  000.082: require('dashboard.session')
150.888  000.336  000.122: sourcing /home/amm834/.local/share/nvim/site/pack/packer/opt/dashboard-nvim/plugin/dashboard.lua
151.229  000.057  000.057: require('plugins.dashboard')
151.804  000.052  000.052: require('bufferline.lazy')
151.875  000.058  000.058: require('bufferline.constants')
151.965  000.086  000.086: require('bufferline.commands')
151.980  000.321  000.126: require('bufferline')
152.079  000.096  000.096: require('bufferline.utils')
152.230  000.143  000.143: require('bufferline.config')
152.357  000.120  000.120: require('bufferline.groups')
152.550  000.065  000.065: require('bufferline.colors')
152.909  000.102  000.102: require('bufferline.highlights')
154.176  000.102  000.102: require('bufferline.hover')
154.434  000.186  000.186: require('bufferline.ui')
154.499  002.887  001.752: require('plugins.buffer_line')
155.223  000.071  000.071: require('lualine_require')
155.735  000.721  000.650: require('lualine')
161.644  000.087  000.087: require('lualine.utils.mode')
165.149  010.230  009.422: require('plugins.lualine')
165.489  002.378: opening buffers
165.755  000.085  000.085: require('bufferline.state')
165.870  000.296: BufEnter autocommands
165.875  000.005: editing files in windows
172.464  000.079  000.079: require('dashboard.preview')
172.474  000.203  000.124: require('dashboard.events')
172.528  006.450: VimEnter autocommands
172.532  000.004: UIEnter autocommands
173.437  000.637  000.637: sourcing /usr/share/nvim/runtime/autoload/provider/clipboard.vim
173.451  000.282: before starting main loop
174.382  000.931: first screen update
174.387  000.005: --- NVIM STARTED ---


times in msec
 clock   self+sourced   self:  sourced script
 clock   elapsed:              other lines

000.014  000.014: --- NVIM STARTING ---
000.230  000.216: event init
000.417  000.187: early init
000.526  000.109: locale set
000.600  000.074: init first window
001.174  000.574: inits 1
001.199  000.025: window checked
001.204  000.005: parsing arguments
002.210  000.196  000.196: require('vim.shared')
002.448  000.088  000.088: require('vim._meta')
002.454  000.235  000.147: require('vim._editor')
002.457  000.500  000.069: require('vim._init_packages')
002.460  000.756: init lua interpreter
002.552  000.092: expanding arguments
002.655  000.102: inits 2
003.217  000.562: init highlight
003.220  000.003: waiting for UI
005.259  002.040: done waiting for UI
005.291  000.032: init screen for UI
005.651  000.360: init default mappings
005.698  000.047: init default autocommands
009.016  000.124  000.124: sourcing /usr/share/nvim/runtime/ftplugin.vim
009.352  000.067  000.067: sourcing /usr/share/nvim/runtime/indent.vim
012.483  000.568  000.568: require('packer.util')
012.575  002.597  002.029: require('packer')
015.147  000.496  000.496: require('packer.log')
015.161  001.149  000.654: require('packer.async')
016.002  000.326  000.326: require('packer.result')
016.011  000.847  000.521: require('packer.jobs')
016.023  003.375  001.379: require('packer.plugin_utils')
016.677  000.631  000.631: require('packer.snapshot')
018.052  008.470  001.867: require('plugins.packer')
018.185  000.122  000.122: require('settings')
018.360  000.086  000.086: require('Comment')
018.832  000.120  000.120: require('Comment.config')
019.712  000.341  000.341: require('Comment.ft')
019.723  000.886  000.545: require('Comment.utils')
020.020  000.293  000.293: require('Comment.opfunc')
020.208  000.183  000.183: require('Comment.extra')
020.218  001.852  000.370: require('Comment.api')
020.487  000.015  000.015: require('vim.keymap')
020.723  002.532  000.580: require('plugins.comment')
027.779  000.447  000.447: require('vim.lsp.log')
029.547  000.013  000.013: require('vim.F')
029.557  001.768  001.755: require('vim.lsp.protocol')
032.687  000.792  000.792: require('vim.lsp._snippet')
033.165  000.469  000.469: require('vim.highlight')
033.208  003.647  002.386: require('vim.lsp.util')
033.235  006.761  000.898: require('vim.lsp.handlers')
034.968  001.728  001.728: require('vim.lsp.rpc')
035.573  000.595  000.595: require('vim.lsp.sync')
036.944  001.363  001.363: require('vim.lsp.buf')
037.459  000.509  000.509: require('vim.lsp.diagnostic')
038.072  000.608  000.608: require('vim.lsp.codelens')
038.274  015.050  003.486: require('vim.lsp')
038.353  016.065  001.015: require('lspconfig.util')
038.359  017.028  000.963: require('lspconfig.configs')
038.364  017.404  000.377: require('lspconfig')
038.830  000.219  000.219: require('cmp_nvim_lsp.source')
038.837  000.469  000.251: require('cmp_nvim_lsp')
039.117  000.224  000.224: require('lspconfig.server_configurations.html')
039.979  000.239  000.239: require('lspconfig.server_configurations.tsserver')
040.480  000.229  000.229: require('lspconfig.server_configurations.cssls')
041.507  000.392  000.392: require('lspconfig.server_configurations.tailwindcss')
042.305  000.224  000.224: require('lspconfig.server_configurations.emmet_ls')
042.819  000.237  000.237: require('lspconfig.server_configurations.sumneko_lua')
043.069  022.341  002.922: require('lsp.lspconfig')
043.650  000.170  000.170: require('mason-core.path')
043.665  000.365  000.195: require('mason.settings')
044.305  000.270  000.270: require('mason-core.functional')
044.696  000.145  000.145: require('mason-core.functional.data')
044.704  000.375  000.229: require('mason-core.functional.function')
044.863  000.141  000.141: require('mason-core.functional.relation')
045.044  000.171  000.171: require('mason-core.functional.logic')
045.070  001.402  000.445: require('mason-core.platform')
045.077  001.926  000.159: require('mason')
045.798  000.451  000.451: require('mason-core.log')
045.807  000.727  000.277: require('mason-lspconfig')
046.251  000.388  000.388: require('mason-null-ls')
046.928  000.314  000.314: require('mason-core.functional.list')
046.960  000.682  000.368: require('mason.api.command')
047.085  000.122  000.122: require('mason-lspconfig.settings')
047.446  000.133  000.133: require('mason-core.notify')
047.456  000.354  000.221: require('mason-lspconfig.lspconfig_hook')
048.007  000.331  000.331: require('mason-core.functional.table')
048.106  000.636  000.304: require('mason-lspconfig.mappings.server')
048.915  000.335  000.335: require('mason-core.async')
049.049  000.128  000.128: require('mason-core.async.uv')
049.059  000.739  000.276: require('mason-core.fs')
049.250  000.188  000.188: require('mason-core.optional')
049.424  000.170  000.170: require('mason-core.EventEmitter')
049.731  000.304  000.304: require('mason-registry.index')
049.745  001.635  000.234: require('mason-registry')
049.850  000.101  000.101: require('mason-lspconfig.server_config_extensions')
050.103  000.249  000.249: require('lspconfig.server_configurations.omnisharp')
050.282  000.149  000.149: require('mason-lspconfig.ensure_installed')
051.128  000.232  000.232: require('mason-core.result')
052.237  000.438  000.438: require('mason-core.process')
052.459  000.901  000.463: require('mason-core.spawn')
052.726  000.261  000.261: require('mason-core.receipt')
052.925  000.186  000.186: require('mason-core.functional.string')
052.952  001.819  000.470: require('mason-core.installer.context')
053.155  000.200  000.200: require('mason-core.installer.linker')
053.341  000.183  000.183: require('mason-core.async.control')
053.351  002.755  000.321: require('mason-core.installer')
053.699  000.345  000.345: require('mason-core.installer.handle')
054.861  000.168  000.168: require('mason-core.managers.powershell')
054.867  000.420  000.252: require('mason-core.fetch')
054.870  000.558  000.138: require('mason-core.managers.cargo.client')
055.514  000.333  000.333: require('mason-core.managers.std')
055.976  000.204  000.204: require('mason-core.providers')
055.995  000.476  000.271: require('mason-core.managers.github.client')
056.009  001.137  000.328: require('mason-core.managers.github')
056.044  002.146  000.452: require('mason-core.managers.cargo')
056.443  000.396  000.396: require('mason-core.managers.composer')
056.838  000.391  000.391: require('mason-core.managers.gem')
057.094  000.250  000.250: require('mason-core.managers.git')
057.479  000.380  000.380: require('mason-core.managers.go')
057.841  000.357  000.357: require('mason-core.managers.luarocks')
058.222  000.377  000.377: require('mason-core.managers.npm')
058.624  000.397  000.397: require('mason-core.managers.pip3')
058.635  004.931  000.237: require('mason-core.package.version-check')
058.649  008.363  000.333: require('mason-core.package')
058.860  000.161  000.161: require('mason-registry.typescript-language-server')
059.193  000.167  000.167: require('mason-registry.html-lsp')
059.402  000.188  000.188: require('mason-registry.css-lsp')
059.714  000.204  000.204: require('mason-registry.tailwindcss-language-server')
059.978  000.245  000.245: require('mason-registry.lua-language-server')
060.173  000.176  000.176: require('mason-registry.emmet-ls')
060.703  000.163  000.163: require('mason-core.functional.number')
060.760  000.580  000.417: require('mason-lspconfig.api.command')
060.922  000.158  000.158: require('mason-null-ls.settings')
061.133  000.169  000.169: require('mason-null-ls.ensure_installed')
061.354  000.196  000.196: require('mason-null-ls.mappings.source')
061.669  000.303  000.303: require('mason-registry.prettier')
061.944  000.253  000.253: require('mason-registry.stylua')
062.179  000.188  000.188: require('mason-registry.eslint_d')
062.421  000.235  000.235: require('mason-null-ls.automatic_installation')
064.025  000.336  000.336: require('null-ls.methods')
064.051  000.980  000.644: require('null-ls.utils')
066.854  002.797  002.797: require('vim.diagnostic')
067.052  004.237  000.460: require('null-ls.config')
067.059  004.453  000.216: require('null-ls.logger')
067.113  004.688  000.235: require('null-ls.builtins')
067.503  000.370  000.370: require('mason-null-ls.api.command')
067.508  024.433  000.821: require('lsp.mason')
068.081  000.154  000.154: require('null-ls.helpers.cache')
068.409  000.324  000.324: require('null-ls.helpers.diagnostics')
068.558  000.144  000.144: require('null-ls.helpers.formatter_factory')
069.222  000.215  000.215: require('null-ls.state')
069.229  000.667  000.452: require('null-ls.helpers.generator_factory')
069.681  000.218  000.218: require('null-ls.helpers.command_resolver')
069.685  000.454  000.236: require('null-ls.helpers.make_builtin')
069.876  000.188  000.188: require('null-ls.helpers.range_formatting_args_factory')
069.880  002.090  000.158: require('null-ls.helpers')
070.685  000.340  000.340: require('null-ls.diagnostics')
070.699  000.816  000.476: require('null-ls.sources')
070.706  003.104  000.198: require('null-ls')
071.006  000.287  000.287: require('null-ls.builtins.formatting.prettier')
071.224  000.211  000.211: require('null-ls.builtins.formatting.stylua')
071.672  000.293  000.293: require('null-ls.builtins.diagnostics.eslint')
071.728  000.498  000.205: require('null-ls.builtins.diagnostics.eslint_d')
072.533  000.409  000.409: require('null-ls.client')
072.585  005.074  000.566: require('formatters.null_ls')
073.296  000.707  000.707: require('core.options')
073.784  000.482  000.482: require('core.keymaps')
073.790  064.269  000.108: sourcing /home/amm834/.config/nvim/init.lua
073.804  003.647: sourcing vimrc file(s)
074.848  000.673  000.673: sourcing /usr/share/nvim/runtime/filetype.lua
074.920  000.029  000.029: sourcing /usr/share/nvim/runtime/filetype.vim
075.363  000.145  000.145: sourcing /usr/share/nvim/runtime/syntax/synload.vim
075.636  000.611  000.466: sourcing /usr/share/nvim/runtime/syntax/syntax.vim
077.416  000.254  000.254: sourcing /usr/share/nvim/runtime/plugin/gzip.vim
077.470  000.019  000.019: sourcing /usr/share/nvim/runtime/plugin/health.vim
078.389  000.265  000.265: sourcing /usr/share/nvim/runtime/pack/dist/opt/matchit/plugin/matchit.vim
078.608  001.112  000.846: sourcing /usr/share/nvim/runtime/plugin/matchit.vim
078.874  000.235  000.235: sourcing /usr/share/nvim/runtime/plugin/matchparen.vim
079.476  000.570  000.570: sourcing /usr/share/nvim/runtime/plugin/netrwPlugin.vim
079.767  000.016  000.016: sourcing /home/amm834/.local/share/nvim/rplugin.vim
079.782  000.250  000.234: sourcing /usr/share/nvim/runtime/plugin/rplugin.vim
079.925  000.107  000.107: sourcing /usr/share/nvim/runtime/plugin/shada.vim
080.006  000.036  000.036: sourcing /usr/share/nvim/runtime/plugin/spellfile.vim
080.240  000.181  000.181: sourcing /usr/share/nvim/runtime/plugin/tarPlugin.vim
080.413  000.126  000.126: sourcing /usr/share/nvim/runtime/plugin/tohtml.vim
080.481  000.027  000.027: sourcing /usr/share/nvim/runtime/plugin/tutor.vim
080.745  000.225  000.225: sourcing /usr/share/nvim/runtime/plugin/zipPlugin.vim
084.728  000.109  000.109: sourcing /home/amm834/.local/share/nvim/site/pack/packer/start/dracula/autoload/dracula.vim
088.494  004.519  004.411: sourcing /home/amm834/.local/share/nvim/site/pack/packer/start/dracula/colors/dracula.vim
088.510  006.594  002.075: require('plugins.theme')
089.300  000.609  000.609: require('packer.load')
093.273  000.165  000.165: require('cmp.utils.debug')
093.836  000.261  000.261: require('cmp.utils.char')
093.848  000.569  000.307: require('cmp.utils.str')
094.013  000.162  000.162: require('cmp.utils.pattern')
095.006  000.349  000.349: require('cmp.utils.misc')
095.173  000.161  000.161: require('cmp.utils.buffer')
095.407  000.230  000.230: require('cmp.utils.api')
095.439  001.192  000.451: require('cmp.utils.keymap')
095.446  001.429  000.237: require('cmp.utils.feedkeys')
095.722  000.274  000.274: require('cmp.utils.async')
096.384  000.265  000.265: require('cmp.types.cmp')
096.742  000.352  000.352: require('cmp.types.lsp')
096.893  000.146  000.146: require('cmp.types.vim')
096.897  000.926  000.163: require('cmp.types')
097.073  000.174  000.174: require('cmp.utils.cache')
097.123  001.397  000.297: require('cmp.context')
098.480  000.306  000.306: require('cmp.config.mapping')
099.129  000.398  000.398: require('cmp.config.compare')
099.135  000.647  000.249: require('cmp.config.default')
099.155  001.408  000.456: require('cmp.config')
100.315  000.402  000.402: require('cmp.matcher')
100.329  001.172  000.770: require('cmp.entry')
100.339  003.213  000.634: require('cmp.source')
100.884  000.178  000.178: require('cmp.utils.event')
101.622  000.443  000.443: require('cmp.utils.window')
101.629  000.740  000.298: require('cmp.view.docs_view')
102.529  000.224  000.224: require('cmp.utils.autocmd')
102.543  000.912  000.687: require('cmp.view.custom_entries_view')
102.995  000.449  000.449: require('cmp.view.wildmenu_entries_view')
103.333  000.334  000.334: require('cmp.view.native_entries_view')
103.616  000.278  000.278: require('cmp.view.ghost_text_view')
103.630  003.289  000.399: require('cmp.view')
103.848  011.465  000.968: require('cmp.core')
104.184  000.185  000.185: require('cmp.config.sources')
104.345  000.155  000.155: require('cmp.config.window')
104.416  015.730  003.317: require('cmp')
104.846  016.327  000.597: require('lsp.nvim_cmp')
122.781  017.929  017.929: require('impatient')
123.784  000.168  000.168: require('nvim-autopairs._log')
123.882  000.091  000.091: require('nvim-autopairs.utils')
124.093  000.101  000.101: require('nvim-autopairs.conds')
124.104  000.164  000.062: require('nvim-autopairs.rule')
124.107  000.222  000.058: require('nvim-autopairs.rules.basic')
124.122  000.607  000.126: require('nvim-autopairs')
124.646  001.199  000.592: require('plugins.auto_pairs')
125.522  000.082  000.082: require('luasnip.util.types')
125.614  000.086  000.086: require('luasnip.util.ext_opts')
128.552  002.934  002.934: require('luasnip.extras.filetype_functions')
128.660  000.103  000.103: require('luasnip.session')
128.911  000.102  000.102: require('luasnip.util.util')
129.032  000.116  000.116: require('luasnip.nodes.util')
129.089  000.053  000.053: require('luasnip.util.events')
129.104  000.366  000.096: require('luasnip.nodes.node')
129.220  000.058  000.058: require('luasnip.util.extend_decorator')
129.233  000.568  000.144: require('luasnip.nodes.insertNode')
129.456  000.086  000.086: require('luasnip.util.mark')
129.645  000.076  000.076: require('luasnip.nodes.textNode')
130.237  000.523  000.523: require('luasnip.util._builtin_vars')
130.387  000.141  000.141: require('vim.inspect')
130.638  000.988  000.325: require('luasnip.util.environ')
130.719  000.077  000.077: require('luasnip.util.pattern_tokenizer')
130.775  000.051  000.051: require('luasnip.util.dict')
130.854  000.076  000.076: require('luasnip.session.snippet_collection')
130.911  001.450  000.181: require('luasnip.nodes.snippet')
130.927  001.691  000.156: require('luasnip.nodes.choiceNode')
131.069  000.120  000.120: require('luasnip.nodes.functionNode')
131.192  000.119  000.119: require('luasnip.nodes.dynamicNode')
131.335  000.138  000.138: require('luasnip.nodes.restoreNode')
131.397  000.057  000.057: require('luasnip.nodes.absolute_indexer')
131.472  000.071  000.071: require('luasnip.extras')
131.593  000.052  000.052: require('luasnip.util.str')
131.599  000.122  000.070: require('luasnip.extras.fmt')
131.830  000.139  000.139: require('luasnip.extras.conditions')
131.938  000.105  000.105: require('luasnip.extras.conditions.show')
131.950  000.302  000.059: require('luasnip.extras.conditions.expand')
131.953  000.351  000.048: require('luasnip.extras.expand_conditions')
132.056  000.101  000.101: require('luasnip.extras.postfix')
132.323  000.065  000.065: require('luasnip.util.parser.neovim_ast')
133.306  000.067  000.067: require('luasnip.util.directed_graph')
133.321  001.138  001.006: require('luasnip.util.parser.ast_utils')
133.443  000.052  000.052: require('luasnip.util.functions')
133.453  000.129  000.077: require('luasnip.util.parser.ast_parser')
133.571  000.116  000.116: require('luasnip.util.parser.neovim_parser')
133.580  001.519  000.136: require('luasnip.util.parser')
134.104  008.755  000.693: require('luasnip.config')
134.252  009.098  000.343: sourcing /home/amm834/.local/share/nvim/site/pack/packer/opt/LuaSnip/plugin/luasnip.vim
134.484  000.027  000.027: sourcing /home/amm834/.local/share/nvim/site/pack/packer/opt/LuaSnip/ftdetect/snippets.vim
136.573  055.662  004.489: sourcing /home/amm834/.config/nvim/plugin/packer_compiled.lua
137.053  000.087  000.087: sourcing /usr/share/nvim/runtime/plugin/man.lua
137.082  003.073: loading rtp plugins
137.804  000.169  000.169: sourcing /home/amm834/.local/share/nvim/site/pack/packer/start/Comment.nvim/plugin/Comment.lua
138.635  000.068  000.068: require('cmp.utils.highlight')
139.109  000.596  000.529: sourcing /home/amm834/.local/share/nvim/site/pack/packer/start/nvim-cmp/plugin/cmp.lua
139.460  000.120  000.120: sourcing /home/amm834/.local/share/nvim/site/pack/packer/start/nvim-lspconfig/plugin/lspconfig.lua
139.684  000.078  000.078: sourcing /home/amm834/.local/share/nvim/site/pack/packer/start/nvim-web-devicons/plugin/nvim-web-devicons.vim
139.971  000.052  000.052: sourcing /home/amm834/.local/share/nvim/site/pack/packer/start/plenary.nvim/plugin/plenary.vim
140.220  000.018  000.018: sourcing /home/amm834/.local/share/nvim/site/pack/packer/start/which-key.nvim/plugin/which-key.vim
140.595  002.478: loading packages
143.239  000.062  000.062: require('gitsigns.async')
143.306  000.060  000.060: require('gitsigns.status')
143.584  000.075  000.075: require('gitsigns.debug')
143.661  000.071  000.071: require('gitsigns.util')
143.803  000.086  000.086: require('gitsigns.uv')
143.810  000.146  000.060: require('gitsigns.subprocess')
144.094  000.056  000.056: require('gitsigns.message')
144.120  000.198  000.142: require('gitsigns.config')
144.207  000.083  000.083: require('gitsigns.signs.base')
144.215  000.338  000.058: require('gitsigns.signs')
144.222  000.410  000.071: require('gitsigns.hunks')
144.236  000.927  000.225: require('gitsigns.git')
144.406  000.053  000.053: require('gitsigns.cache')
144.490  000.080  000.080: require('gitsigns.debounce')
144.543  000.047  000.047: require('gitsigns.diff')
144.562  000.323  000.143: require('gitsigns.manager')
144.639  000.074  000.074: require('gitsigns.highlight')
144.654  001.608  000.163: require('gitsigns')
144.824  001.893  000.284: sourcing /home/amm834/.local/share/nvim/site/pack/packer/start/dracula/after/plugin/dracula.vim
145.477  000.050  000.050: require('cmp_buffer.timer')
145.488  000.185  000.135: require('cmp_buffer.buffer')
145.494  000.292  000.107: require('cmp_buffer.source')
145.497  000.351  000.059: require('cmp_buffer')
145.572  000.460  000.108: sourcing /home/amm834/.local/share/nvim/site/pack/packer/start/cmp-buffer/after/plugin/cmp_buffer.lua
145.884  000.132  000.132: require('cmp_cmdline')
145.915  000.191  000.059: sourcing /home/amm834/.local/share/nvim/site/pack/packer/start/cmp-cmdline/after/plugin/cmp_cmdline.lua
146.160  000.073  000.073: sourcing /home/amm834/.local/share/nvim/site/pack/packer/start/cmp-nvim-lsp/after/plugin/cmp_nvim_lsp.lua
146.418  000.105  000.105: require('cmp_path')
146.449  000.162  000.057: sourcing /home/amm834/.local/share/nvim/site/pack/packer/start/cmp-path/after/plugin/cmp_path.lua
146.745  000.063  000.063: require('cmp_nvim_lua')
146.775  000.129  000.066: sourcing /home/amm834/.local/share/nvim/site/pack/packer/opt/cmp-nvim-lua/after/plugin/cmp_nvim_lua.lua
147.051  000.082  000.082: require('cmp_luasnip')
147.121  000.220  000.137: sourcing /home/amm834/.local/share/nvim/site/pack/packer/opt/cmp_luasnip/after/plugin/cmp_luasnip.lua
147.128  003.407: loading after plugins
147.148  000.020: inits 3
151.257  004.109: reading ShaDa
151.865  000.061  000.061: require('luasnip.loaders._caches')
151.960  000.089  000.089: require('luasnip.util.path')
152.042  000.077  000.077: require('luasnip.loaders.util')
152.274  000.127  000.127: require('luasnip.loaders')
152.308  000.262  000.135: require('luasnip')
152.318  000.608  000.119: require('luasnip.loaders.from_lua')
152.519  000.058  000.058: require('luasnip.nodes.snippetProxy')
152.575  000.189  000.131: require('luasnip.loaders.from_snipmate')
152.726  000.079  000.079: require('luasnip.loaders.from_vscode')
153.463  000.048  000.048: require('bufferline.lazy')
153.543  000.064  000.064: require('bufferline.constants')
153.629  000.082  000.082: require('bufferline.commands')
153.641  000.334  000.140: require('bufferline')
153.733  000.089  000.089: require('bufferline.utils')
153.876  000.136  000.136: require('bufferline.config')
153.999  000.116  000.116: require('bufferline.groups')
154.114  000.061  000.061: require('bufferline.colors')
154.481  000.113  000.113: require('bufferline.highlights')
155.728  000.107  000.107: require('bufferline.hover')
155.953  000.141  000.141: require('bufferline.ui')
156.020  002.761  001.665: require('plugins.buffer_line')
156.675  000.067  000.067: require('lualine_require')
157.158  000.650  000.583: require('lualine')
166.151  000.086  000.086: require('lualine.utils.mode')
166.542  010.100  009.364: require('plugins.lualine')
167.127  000.132  000.132: require('dashboard')
167.219  000.086  000.086: require('dashboard.session')
167.274  000.337  000.119: sourcing /home/amm834/.local/share/nvim/site/pack/packer/opt/dashboard-nvim/plugin/dashboard.lua
167.574  000.058  000.058: require('plugins.dashboard')
167.901  002.511: opening buffers
168.101  000.070  000.070: require('bufferline.state')
168.211  000.240: BufEnter autocommands
168.216  000.005: editing files in windows
176.902  000.104  000.104: require('dashboard.preview')
176.914  000.229  000.125: require('dashboard.events')
176.979  008.534: VimEnter autocommands
176.983  000.004: UIEnter autocommands
177.896  000.649  000.649: sourcing /usr/share/nvim/runtime/autoload/provider/clipboard.vim
177.911  000.279: before starting main loop
178.897  000.986: first screen update
178.902  000.005: --- NVIM STARTED ---


times in msec
 clock   self+sourced   self:  sourced script
 clock   elapsed:              other lines

000.015  000.015: --- NVIM STARTING ---
000.228  000.213: event init
000.415  000.187: early init
000.537  000.122: locale set
000.611  000.074: init first window
001.190  000.579: inits 1
001.214  000.024: window checked
001.219  000.005: parsing arguments
002.201  000.169  000.169: require('vim.shared')
002.443  000.088  000.088: require('vim._meta')
002.449  000.239  000.151: require('vim._editor')
002.452  000.478  000.070: require('vim._init_packages')
002.455  000.758: init lua interpreter
002.532  000.077: expanding arguments
002.662  000.130: inits 2
003.244  000.582: init highlight
003.247  000.003: waiting for UI
005.532  002.285: done waiting for UI
005.568  000.036: init screen for UI
005.988  000.420: init default mappings
006.030  000.041: init default autocommands
008.681  000.119  000.119: sourcing /usr/share/nvim/runtime/ftplugin.vim
009.011  000.063  000.063: sourcing /usr/share/nvim/runtime/indent.vim
011.952  000.502  000.502: require('packer.util')
012.031  002.415  001.913: require('packer')
013.934  000.515  000.515: require('packer.log')
013.945  001.019  000.504: require('packer.async')
014.735  000.294  000.294: require('packer.result')
014.744  000.795  000.501: require('packer.jobs')
014.755  002.668  000.854: require('packer.plugin_utils')
015.427  000.650  000.650: require('packer.snapshot')
016.276  007.040  001.306: require('plugins.packer')
016.380  000.097  000.097: require('settings')
018.079  000.273  000.273: require('null-ls.methods')
018.107  001.042  000.769: require('null-ls.utils')
021.663  000.014  000.014: require('vim.F')
021.756  003.644  003.630: require('vim.diagnostic')
021.784  005.029  000.343: require('null-ls.config')
022.273  000.259  000.259: require('null-ls.helpers.cache')
022.786  000.506  000.506: require('null-ls.helpers.diagnostics')
023.081  000.289  000.289: require('null-ls.helpers.formatter_factory')
026.120  001.025  001.025: require('null-ls.logger')
026.963  000.809  000.809: require('null-ls.state')
026.975  003.880  002.046: require('null-ls.helpers.generator_factory')
027.488  000.228  000.228: require('null-ls.helpers.command_resolver')
027.493  000.513  000.286: require('null-ls.helpers.make_builtin')
027.689  000.193  000.193: require('null-ls.helpers.range_formatting_args_factory')
027.693  005.905  000.264: require('null-ls.helpers')
028.471  000.339  000.339: require('null-ls.diagnostics')
028.483  000.787  000.448: require('null-ls.sources')
028.664  000.176  000.176: require('null-ls.builtins')
028.669  012.168  000.270: require('null-ls')
029.009  000.323  000.323: require('null-ls.builtins.formatting.prettier')
029.203  000.187  000.187: require('null-ls.builtins.formatting.stylua')
029.606  000.250  000.250: require('null-ls.builtins.diagnostics.eslint')
029.775  000.566  000.316: require('null-ls.builtins.diagnostics.eslint_d')
034.531  000.419  000.419: require('vim.lsp.log')
036.320  001.778  001.778: require('vim.lsp.protocol')
039.637  000.925  000.925: require('vim.lsp._snippet')
040.165  000.519  000.519: require('vim.highlight')
040.224  003.897  002.453: require('vim.lsp.util')
040.272  006.947  000.852: require('vim.lsp.handlers')
041.098  000.823  000.823: require('vim.lsp.rpc')
041.573  000.469  000.469: require('vim.lsp.sync')
042.590  001.011  001.011: require('vim.lsp.buf')
043.021  000.426  000.426: require('vim.lsp.diagnostic')
043.488  000.461  000.461: require('vim.lsp.codelens')
043.647  012.526  002.389: require('vim.lsp')
043.658  012.963  000.436: require('null-ls.client')
043.688  027.302  001.095: require('formatters.null_ls')
043.831  000.067  000.067: require('Comment')
044.183  000.095  000.095: require('Comment.config')
044.782  000.258  000.258: require('Comment.ft')
044.791  000.603  000.345: require('Comment.utils')
045.013  000.219  000.219: require('Comment.opfunc')
045.158  000.141  000.141: require('Comment.extra')
045.165  001.328  000.271: require('Comment.api')
045.361  000.010  000.010: require('vim.keymap')
045.700  002.009  000.604: require('plugins.comment')
047.162  000.656  000.656: require('lspconfig.util')
047.169  001.122  000.466: require('lspconfig.configs')
047.177  001.313  000.191: require('lspconfig')
047.569  000.193  000.193: require('cmp_nvim_lsp.source')
047.576  000.396  000.203: require('cmp_nvim_lsp')
047.814  000.201  000.201: require('lspconfig.server_configurations.html')
048.571  000.437  000.437: require('lspconfig.server_configurations.tsserver')
049.145  000.224  000.224: require('lspconfig.server_configurations.cssls')
049.778  000.272  000.272: require('lspconfig.server_configurations.tailwindcss')
050.195  000.195  000.195: require('lspconfig.server_configurations.emmet_ls')
050.635  000.242  000.242: require('lspconfig.server_configurations.sumneko_lua')
050.965  005.259  001.979: require('lsp.lspconfig')
051.632  000.223  000.223: require('mason-core.path')
051.648  000.445  000.222: require('mason.settings')
052.357  000.302  000.302: require('mason-core.functional')
052.737  000.139  000.139: require('mason-core.functional.data')
052.749  000.373  000.234: require('mason-core.functional.function')
052.905  000.139  000.139: require('mason-core.functional.relation')
053.088  000.173  000.173: require('mason-core.functional.logic')
053.115  001.464  000.477: require('mason-core.platform')
053.119  002.067  000.157: require('mason')
053.833  000.411  000.411: require('mason-core.log')
053.841  000.720  000.309: require('mason-lspconfig')
054.168  000.324  000.324: require('mason-null-ls')
054.971  000.379  000.379: require('mason-core.functional.list')
055.009  000.790  000.411: require('mason.api.command')
055.150  000.135  000.135: require('mason-lspconfig.settings')
055.569  000.134  000.134: require('mason-core.notify')
055.577  000.402  000.268: require('mason-lspconfig.lspconfig_hook')
056.134  000.183  000.183: require('mason-core.functional.table')
056.235  000.548  000.365: require('mason-lspconfig.mappings.server')
057.160  000.391  000.391: require('mason-core.async')
057.312  000.146  000.146: require('mason-core.async.uv')
057.329  000.853  000.316: require('mason-core.fs')
057.564  000.232  000.232: require('mason-core.optional')
057.797  000.229  000.229: require('mason-core.EventEmitter')
058.246  000.444  000.444: require('mason-registry.index')
058.276  002.037  000.279: require('mason-registry')
058.396  000.115  000.115: require('mason-lspconfig.server_config_extensions')
058.666  000.266  000.266: require('lspconfig.server_configurations.omnisharp')
059.006  000.203  000.203: require('mason-lspconfig.ensure_installed')
060.051  000.273  000.273: require('mason-core.result')
061.308  000.479  000.479: require('mason-core.process')
061.460  000.911  000.432: require('mason-core.spawn')
061.839  000.373  000.373: require('mason-core.receipt')
062.145  000.275  000.275: require('mason-core.functional.string')
062.189  002.133  000.573: require('mason-core.installer.context')
062.489  000.297  000.297: require('mason-core.installer.linker')
062.762  000.268  000.268: require('mason-core.async.control')
062.781  003.380  000.409: require('mason-core.installer')
063.480  000.697  000.697: require('mason-core.installer.handle')
064.689  000.164  000.164: require('mason-core.managers.powershell')
064.695  000.405  000.241: require('mason-core.fetch')
064.698  000.538  000.132: require('mason-core.managers.cargo.client')
065.314  000.321  000.321: require('mason-core.managers.std')
065.724  000.188  000.188: require('mason-core.providers')
065.739  000.419  000.232: require('mason-core.managers.github.client')
065.750  001.050  000.309: require('mason-core.managers.github')
065.796  002.019  000.432: require('mason-core.managers.cargo')
066.160  000.360  000.360: require('mason-core.managers.composer')
066.494  000.329  000.329: require('mason-core.managers.gem')
066.715  000.217  000.217: require('mason-core.managers.git')
067.072  000.352  000.352: require('mason-core.managers.go')
067.418  000.341  000.341: require('mason-core.managers.luarocks')
067.707  000.283  000.283: require('mason-core.managers.npm')
068.087  000.329  000.329: require('mason-core.managers.pip3')
068.096  004.609  000.379: require('mason-core.package.version-check')
068.107  009.095  000.409: require('mason-core.package')
068.380  000.239  000.239: require('mason-registry.typescript-language-server')
068.687  000.157  000.157: require('mason-registry.html-lsp')
068.849  000.147  000.147: require('mason-registry.css-lsp')
069.006  000.140  000.140: require('mason-registry.tailwindcss-language-server')
069.208  000.188  000.188: require('mason-registry.lua-language-server')
069.362  000.141  000.141: require('mason-registry.emmet-ls')
069.814  000.146  000.146: require('mason-core.functional.number')
069.856  000.487  000.341: require('mason-lspconfig.api.command')
070.011  000.151  000.151: require('mason-null-ls.settings')
070.177  000.146  000.146: require('mason-null-ls.ensure_installed')
070.395  000.203  000.203: require('mason-null-ls.mappings.source')
070.634  000.233  000.233: require('mason-registry.prettier')
070.964  000.230  000.230: require('mason-registry.stylua')
071.203  000.152  000.152: require('mason-registry.eslint_d')
071.418  000.208  000.208: require('mason-null-ls.automatic_installation')
071.944  000.390  000.390: require('mason-null-ls.api.command')
071.949  020.979  001.064: require('lsp.mason')
072.460  000.507  000.507: require('core.options')
073.291  000.826  000.826: require('core.keymaps')
073.298  064.121  000.103: sourcing /home/amm834/.config/nvim/init.lua
073.313  002.981: sourcing vimrc file(s)
074.283  000.674  000.674: sourcing /usr/share/nvim/runtime/filetype.lua
074.357  000.027  000.027: sourcing /usr/share/nvim/runtime/filetype.vim
074.796  000.137  000.137: sourcing /usr/share/nvim/runtime/syntax/synload.vim
075.115  000.646  000.509: sourcing /usr/share/nvim/runtime/syntax/syntax.vim
076.921  000.254  000.254: sourcing /usr/share/nvim/runtime/plugin/gzip.vim
076.987  000.020  000.020: sourcing /usr/share/nvim/runtime/plugin/health.vim
077.876  000.253  000.253: sourcing /usr/share/nvim/runtime/pack/dist/opt/matchit/plugin/matchit.vim
078.093  001.078  000.825: sourcing /usr/share/nvim/runtime/plugin/matchit.vim
078.352  000.228  000.228: sourcing /usr/share/nvim/runtime/plugin/matchparen.vim
078.931  000.547  000.547: sourcing /usr/share/nvim/runtime/plugin/netrwPlugin.vim
079.219  000.015  000.015: sourcing /home/amm834/.local/share/nvim/rplugin.vim
079.234  000.247  000.231: sourcing /usr/share/nvim/runtime/plugin/rplugin.vim
079.376  000.107  000.107: sourcing /usr/share/nvim/runtime/plugin/shada.vim
079.458  000.036  000.036: sourcing /usr/share/nvim/runtime/plugin/spellfile.vim
079.684  000.173  000.173: sourcing /usr/share/nvim/runtime/plugin/tarPlugin.vim
079.858  000.124  000.124: sourcing /usr/share/nvim/runtime/plugin/tohtml.vim
079.926  000.027  000.027: sourcing /usr/share/nvim/runtime/plugin/tutor.vim
080.186  000.221  000.221: sourcing /usr/share/nvim/runtime/plugin/zipPlugin.vim
084.205  000.107  000.107: sourcing /home/amm834/.local/share/nvim/site/pack/packer/start/dracula/autoload/dracula.vim
087.884  004.426  004.319: sourcing /home/amm834/.local/share/nvim/site/pack/packer/start/dracula/colors/dracula.vim
087.899  006.540  002.115: require('plugins.theme')
088.520  000.439  000.439: require('packer.load')
092.483  000.167  000.167: require('cmp.utils.debug')
093.064  000.275  000.275: require('cmp.utils.char')
093.079  000.590  000.316: require('cmp.utils.str')
093.250  000.168  000.168: require('cmp.utils.pattern')
094.245  000.359  000.359: require('cmp.utils.misc')
094.456  000.203  000.203: require('cmp.utils.buffer')
094.697  000.236  000.236: require('cmp.utils.api')
094.705  001.230  000.432: require('cmp.utils.keymap')
094.712  001.458  000.227: require('cmp.utils.feedkeys')
095.021  000.307  000.307: require('cmp.utils.async')
095.598  000.180  000.180: require('cmp.types.cmp')
095.922  000.319  000.319: require('cmp.types.lsp')
096.136  000.209  000.209: require('cmp.types.vim')
096.141  000.873  000.166: require('cmp.types')
096.324  000.180  000.180: require('cmp.utils.cache')
096.377  001.351  000.298: require('cmp.context')
097.604  000.333  000.333: require('cmp.config.mapping')
098.290  000.402  000.402: require('cmp.config.compare')
098.296  000.685  000.283: require('cmp.config.default')
098.316  001.411  000.393: require('cmp.config')
099.452  000.370  000.370: require('cmp.matcher')
099.465  001.147  000.776: require('cmp.entry')
099.475  003.096  000.538: require('cmp.source')
100.076  000.228  000.228: require('cmp.utils.event')
100.823  000.450  000.450: require('cmp.utils.window')
100.830  000.749  000.298: require('cmp.view.docs_view')
101.713  000.231  000.231: require('cmp.utils.autocmd')
101.727  000.894  000.663: require('cmp.view.custom_entries_view')
102.184  000.454  000.454: require('cmp.view.wildmenu_entries_view')
102.527  000.338  000.338: require('cmp.view.native_entries_view')
102.799  000.267  000.267: require('cmp.view.ghost_text_view')
102.814  003.336  000.405: require('cmp.view')
103.094  011.508  001.035: require('cmp.core')
103.435  000.174  000.174: require('cmp.config.sources')
103.599  000.158  000.158: require('cmp.config.window')
103.667  015.589  003.310: require('cmp')
104.092  016.185  000.596: require('lsp.nvim_cmp')
117.788  013.690  013.690: require('impatient')
119.347  000.091  000.091: require('nvim-autopairs._log')
119.447  000.091  000.091: require('nvim-autopairs.utils')
119.626  000.066  000.066: require('nvim-autopairs.conds')
119.636  000.130  000.064: require('nvim-autopairs.rule')
119.639  000.188  000.059: require('nvim-autopairs.rules.basic')
119.652  000.497  000.126: require('nvim-autopairs')
120.251  001.162  000.665: require('plugins.auto_pairs')
121.136  000.108  000.108: require('luasnip.util.types')
121.301  000.158  000.158: require('luasnip.util.ext_opts')
124.254  002.949  002.949: require('luasnip.extras.filetype_functions')
124.375  000.114  000.114: require('luasnip.session')
124.715  000.100  000.100: require('luasnip.util.util')
124.804  000.083  000.083: require('luasnip.nodes.util')
124.892  000.083  000.083: require('luasnip.util.events')
124.911  000.393  000.128: require('luasnip.nodes.node')
125.003  000.052  000.052: require('luasnip.util.extend_decorator')
125.015  000.635  000.190: require('luasnip.nodes.insertNode')
125.194  000.088  000.088: require('luasnip.util.mark')
125.423  000.112  000.112: require('luasnip.nodes.textNode')
126.025  000.524  000.524: require('luasnip.util._builtin_vars')
126.158  000.123  000.123: require('vim.inspect')
126.318  000.889  000.242: require('luasnip.util.environ')
126.394  000.072  000.072: require('luasnip.util.pattern_tokenizer')
126.452  000.054  000.054: require('luasnip.util.dict')
126.528  000.073  000.073: require('luasnip.session.snippet_collection')
126.575  001.377  000.177: require('luasnip.nodes.snippet')
126.593  001.576  000.111: require('luasnip.nodes.choiceNode')
126.701  000.087  000.087: require('luasnip.nodes.functionNode')
126.831  000.125  000.125: require('luasnip.nodes.dynamicNode')
126.955  000.092  000.092: require('luasnip.nodes.restoreNode')
127.016  000.055  000.055: require('luasnip.nodes.absolute_indexer')
127.088  000.068  000.068: require('luasnip.extras')
127.207  000.050  000.050: require('luasnip.util.str')
127.216  000.122  000.072: require('luasnip.extras.fmt')
127.359  000.052  000.052: require('luasnip.extras.conditions')
127.406  000.044  000.044: require('luasnip.extras.conditions.show')
127.547  000.284  000.188: require('luasnip.extras.conditions.expand')
127.551  000.332  000.048: require('luasnip.extras.expand_conditions')
127.643  000.089  000.089: require('luasnip.extras.postfix')
127.828  000.059  000.059: require('luasnip.util.parser.neovim_ast')
128.684  000.062  000.062: require('luasnip.util.directed_graph')
128.698  000.996  000.875: require('luasnip.util.parser.ast_utils')
128.881  000.057  000.057: require('luasnip.util.functions')
128.889  000.188  000.131: require('luasnip.util.parser.ast_parser')
129.018  000.126  000.126: require('luasnip.util.parser.neovim_parser')
129.028  001.381  000.071: require('luasnip.util.parser')
129.566  008.632  000.740: require('luasnip.config')
129.696  008.947  000.316: sourcing /home/amm834/.local/share/nvim/site/pack/packer/opt/LuaSnip/plugin/luasnip.vim
129.926  000.025  000.025: sourcing /home/amm834/.local/share/nvim/site/pack/packer/opt/LuaSnip/ftdetect/snippets.vim
131.401  051.046  004.496: sourcing /home/amm834/.config/nvim/plugin/packer_compiled.lua
131.873  000.078  000.078: sourcing /usr/share/nvim/runtime/plugin/man.lua
131.902  003.056: loading rtp plugins
132.818  000.361  000.361: sourcing /home/amm834/.local/share/nvim/site/pack/packer/start/Comment.nvim/plugin/Comment.lua
133.668  000.072  000.072: require('cmp.utils.highlight')
134.371  000.833  000.761: sourcing /home/amm834/.local/share/nvim/site/pack/packer/start/nvim-cmp/plugin/cmp.lua
135.165  000.383  000.383: sourcing /home/amm834/.local/share/nvim/site/pack/packer/start/nvim-lspconfig/plugin/lspconfig.lua
135.982  000.308  000.308: sourcing /home/amm834/.local/share/nvim/site/pack/packer/start/nvim-web-devicons/plugin/nvim-web-devicons.vim
136.835  000.227  000.227: sourcing /home/amm834/.local/share/nvim/site/pack/packer/start/plenary.nvim/plugin/plenary.vim
137.158  000.023  000.023: sourcing /home/amm834/.local/share/nvim/site/pack/packer/start/which-key.nvim/plugin/which-key.vim
137.819  003.781: loading packages
140.720  000.060  000.060: require('gitsigns.async')
140.813  000.085  000.085: require('gitsigns.status')
141.024  000.089  000.089: require('gitsigns.debug')
141.097  000.068  000.068: require('gitsigns.util')
141.239  000.085  000.085: require('gitsigns.uv')
141.247  000.146  000.061: require('gitsigns.subprocess')
141.519  000.052  000.052: require('gitsigns.message')
141.550  000.193  000.141: require('gitsigns.config')
141.601  000.048  000.048: require('gitsigns.signs.base')
141.606  000.295  000.054: require('gitsigns.signs')
141.612  000.362  000.067: require('gitsigns.hunks')
141.626  000.809  000.142: require('gitsigns.git')
141.782  000.052  000.052: require('gitsigns.cache')
141.838  000.052  000.052: require('gitsigns.debounce')
141.885  000.042  000.042: require('gitsigns.diff')
141.902  000.274  000.127: require('gitsigns.manager')
141.972  000.067  000.067: require('gitsigns.highlight')
141.986  001.470  000.176: require('gitsigns')
142.148  001.760  000.291: sourcing /home/amm834/.local/share/nvim/site/pack/packer/start/dracula/after/plugin/dracula.vim
142.726  000.050  000.050: require('cmp_buffer.timer')
142.734  000.127  000.078: require('cmp_buffer.buffer')
142.738  000.215  000.087: require('cmp_buffer.source')
142.744  000.275  000.060: require('cmp_buffer')
142.817  000.382  000.108: sourcing /home/amm834/.local/share/nvim/site/pack/packer/start/cmp-buffer/after/plugin/cmp_buffer.lua
143.211  000.123  000.123: require('cmp_cmdline')
143.239  000.185  000.062: sourcing /home/amm834/.local/share/nvim/site/pack/packer/start/cmp-cmdline/after/plugin/cmp_cmdline.lua
143.454  000.074  000.074: sourcing /home/amm834/.local/share/nvim/site/pack/packer/start/cmp-nvim-lsp/after/plugin/cmp_nvim_lsp.lua
143.713  000.100  000.100: require('cmp_path')
143.742  000.158  000.058: sourcing /home/amm834/.local/share/nvim/site/pack/packer/start/cmp-path/after/plugin/cmp_path.lua
144.033  000.062  000.062: require('cmp_nvim_lua')
144.065  000.126  000.065: sourcing /home/amm834/.local/share/nvim/site/pack/packer/opt/cmp-nvim-lua/after/plugin/cmp_nvim_lua.lua
144.372  000.077  000.077: require('cmp_luasnip')
144.437  000.246  000.169: sourcing /home/amm834/.local/share/nvim/site/pack/packer/opt/cmp_luasnip/after/plugin/cmp_luasnip.lua
144.445  003.694: loading after plugins
144.466  000.021: inits 3
148.685  004.220: reading ShaDa
149.222  000.064  000.064: require('luasnip.loaders._caches')
149.356  000.128  000.128: require('luasnip.util.path')
149.432  000.070  000.070: require('luasnip.loaders.util')
149.629  000.092  000.092: require('luasnip.loaders')
149.662  000.227  000.135: require('luasnip')
149.667  000.628  000.139: require('luasnip.loaders.from_lua')
149.835  000.058  000.058: require('luasnip.nodes.snippetProxy')
149.892  000.186  000.128: require('luasnip.loaders.from_snipmate')
149.999  000.078  000.078: require('luasnip.loaders.from_vscode')
150.737  000.066  000.066: require('lualine_require')
151.264  000.720  000.654: require('lualine')
160.235  000.082  000.082: require('lualine.utils.mode')
160.676  010.193  009.391: require('plugins.lualine')
161.347  000.050  000.050: require('bufferline.lazy')
161.423  000.063  000.063: require('bufferline.constants')
161.538  000.111  000.111: require('bufferline.commands')
161.554  000.362  000.139: require('bufferline')
161.644  000.087  000.087: require('bufferline.utils')
161.789  000.136  000.136: require('bufferline.config')
161.915  000.118  000.118: require('bufferline.groups')
162.015  000.066  000.066: require('bufferline.colors')
162.369  000.094  000.094: require('bufferline.highlights')
163.586  000.105  000.105: require('bufferline.hover')
163.841  000.164  000.164: require('bufferline.ui')
163.916  002.784  001.652: require('plugins.buffer_line')
164.507  000.126  000.126: require('dashboard')
164.595  000.083  000.083: require('dashboard.session')
164.647  000.336  000.128: sourcing /home/amm834/.local/share/nvim/site/pack/packer/opt/dashboard-nvim/plugin/dashboard.lua
164.927  000.055  000.055: require('plugins.dashboard')
165.287  002.341: opening buffers
165.595  000.073  000.073: require('bufferline.state')
165.644  000.284: BufEnter autocommands
165.649  000.005: editing files in windows
173.600  000.075  000.075: require('dashboard.preview')
173.609  000.190  000.116: require('dashboard.events')
173.665  007.826: VimEnter autocommands
173.669  000.004: UIEnter autocommands
174.558  000.634  000.634: sourcing /usr/share/nvim/runtime/autoload/provider/clipboard.vim
174.572  000.269: before starting main loop
175.548  000.976: first screen update
175.554  000.005: --- NVIM STARTED ---


times in msec
 clock   self+sourced   self:  sourced script
 clock   elapsed:              other lines

000.014  000.014: --- NVIM STARTING ---
000.237  000.222: event init
000.451  000.214: early init
000.586  000.136: locale set
000.676  000.089: init first window
001.256  000.581: inits 1
001.280  000.024: window checked
001.285  000.005: parsing arguments
002.289  000.153  000.153: require('vim.shared')
002.522  000.085  000.085: require('vim._meta')
002.527  000.230  000.145: require('vim._editor')
002.530  000.448  000.064: require('vim._init_packages')
002.533  000.799: init lua interpreter
002.609  000.076: expanding arguments
002.726  000.117: inits 2
003.250  000.524: init highlight
003.253  000.003: waiting for UI
005.124  001.871: done waiting for UI
005.153  000.029: init screen for UI
005.531  000.378: init default mappings
005.578  000.047: init default autocommands
008.998  000.125  000.125: sourcing /usr/share/nvim/runtime/ftplugin.vim
009.381  000.066  000.066: sourcing /usr/share/nvim/runtime/indent.vim
012.621  000.616  000.616: require('packer.util')
012.713  002.655  002.039: require('packer')
015.361  000.568  000.568: require('packer.log')
015.375  001.266  000.698: require('packer.async')
016.252  000.330  000.330: require('packer.result')
016.261  000.882  000.552: require('packer.jobs')
016.272  003.494  001.346: require('packer.plugin_utils')
016.838  000.544  000.544: require('packer.snapshot')
017.754  008.078  001.384: require('plugins.packer')
017.866  000.104  000.104: require('settings')
020.034  000.492  000.492: require('null-ls.methods')
020.087  001.447  000.955: require('null-ls.utils')
024.033  000.062  000.062: require('vim.F')
024.286  004.183  004.121: require('vim.diagnostic')
024.355  006.059  000.429: require('null-ls.config')
025.226  000.308  000.308: require('null-ls.helpers.cache')
025.852  000.614  000.614: require('null-ls.helpers.diagnostics')
026.078  000.220  000.220: require('null-ls.helpers.formatter_factory')
027.219  000.330  000.330: require('null-ls.logger')
027.606  000.382  000.382: require('null-ls.state')
027.613  001.530  000.818: require('null-ls.helpers.generator_factory')
028.210  000.288  000.288: require('null-ls.helpers.command_resolver')
028.216  000.600  000.313: require('null-ls.helpers.make_builtin')
028.470  000.251  000.251: require('null-ls.helpers.range_formatting_args_factory')
028.474  004.110  000.588: require('null-ls.helpers')
029.449  000.434  000.434: require('null-ls.diagnostics')
029.462  000.985  000.550: require('null-ls.sources')
029.734  000.267  000.267: require('null-ls.builtins')
029.740  011.749  000.328: require('null-ls')
030.124  000.370  000.370: require('null-ls.builtins.formatting.prettier')
030.376  000.244  000.244: require('null-ls.builtins.formatting.stylua')
031.101  000.521  000.521: require('null-ls.builtins.diagnostics.eslint')
031.382  001.000  000.479: require('null-ls.builtins.diagnostics.eslint_d')
036.819  000.562  000.562: require('vim.lsp.log')
038.310  001.482  001.482: require('vim.lsp.protocol')
041.727  000.900  000.900: require('vim.lsp._snippet')
042.264  000.530  000.530: require('vim.highlight')
042.324  004.007  002.576: require('vim.lsp.util')
042.426  007.040  000.989: require('vim.lsp.handlers')
043.427  000.997  000.997: require('vim.lsp.rpc')
043.935  000.503  000.503: require('vim.lsp.sync')
045.014  001.074  001.074: require('vim.lsp.buf')
045.458  000.439  000.439: require('vim.lsp.diagnostic')
046.002  000.539  000.539: require('vim.lsp.codelens')
046.191  013.202  002.611: require('vim.lsp')
046.205  013.836  000.633: require('null-ls.client')
046.237  028.365  001.167: require('formatters.null_ls')
046.385  000.069  000.069: require('Comment')
046.753  000.095  000.095: require('Comment.config')
047.380  000.269  000.269: require('Comment.ft')
047.389  000.631  000.362: require('Comment.utils')
047.620  000.228  000.228: require('Comment.opfunc')
047.763  000.139  000.139: require('Comment.extra')
047.770  001.380  000.287: require('Comment.api')
047.990  000.010  000.010: require('vim.keymap')
094.690  048.450  046.991: require('plugins.comment')
096.652  000.872  000.872: require('lspconfig.util')
096.660  001.456  000.583: require('lspconfig.configs')
096.664  001.707  000.251: require('lspconfig')
097.125  000.223  000.223: require('cmp_nvim_lsp.source')
097.132  000.465  000.241: require('cmp_nvim_lsp')
097.429  000.255  000.255: require('lspconfig.server_configurations.html')
098.296  000.268  000.268: require('lspconfig.server_configurations.tsserver')
098.765  000.249  000.249: require('lspconfig.server_configurations.cssls')
099.462  000.311  000.311: require('lspconfig.server_configurations.tailwindcss')
100.015  000.255  000.255: require('lspconfig.server_configurations.emmet_ls')
100.387  000.277  000.277: require('lspconfig.server_configurations.sumneko_lua')
100.817  000.312  000.312: require('lspconfig.server_configurations.volar')
101.194  006.493  002.393: require('lsp.lspconfig')
101.947  000.216  000.216: require('mason-core.path')
101.966  000.491  000.275: require('mason.settings')
102.702  000.308  000.308: require('mason-core.functional')
103.217  000.183  000.183: require('mason-core.functional.data')
103.227  000.504  000.321: require('mason-core.functional.function')
103.423  000.177  000.177: require('mason-core.functional.relation')
103.644  000.207  000.207: require('mason-core.functional.logic')
103.673  001.703  000.507: require('mason-core.platform')
103.677  002.393  000.199: require('mason')
104.514  000.483  000.483: require('mason-core.log')
104.522  000.842  000.360: require('mason-lspconfig')
104.908  000.383  000.383: require('mason-null-ls')
105.785  000.420  000.420: require('mason-core.functional.list')
105.826  000.897  000.477: require('mason.api.command')
106.000  000.170  000.170: require('mason-lspconfig.settings')
106.475  000.165  000.165: require('mason-core.notify')
106.483  000.469  000.303: require('mason-lspconfig.lspconfig_hook')
107.025  000.222  000.222: require('mason-core.functional.table')
107.131  000.624  000.402: require('mason-lspconfig.mappings.server')
108.297  000.480  000.480: require('mason-core.async')
108.495  000.191  000.191: require('mason-core.async.uv')
108.511  001.057  000.386: require('mason-core.fs')
108.800  000.286  000.286: require('mason-core.optional')
109.049  000.244  000.244: require('mason-core.EventEmitter')
109.536  000.483  000.483: require('mason-registry.index')
109.571  002.435  000.364: require('mason-registry')
109.733  000.157  000.157: require('mason-lspconfig.server_config_extensions')
110.051  000.314  000.314: require('lspconfig.server_configurations.omnisharp')
110.390  000.218  000.218: require('mason-lspconfig.ensure_installed')
111.625  000.332  000.332: require('mason-core.result')
113.095  000.566  000.566: require('mason-core.process')
113.591  001.394  000.827: require('mason-core.spawn')
114.096  000.498  000.498: require('mason-core.receipt')
114.446  000.318  000.318: require('mason-core.functional.string')
114.495  002.864  000.654: require('mason-core.installer.context')
114.884  000.386  000.386: require('mason-core.installer.linker')
115.224  000.335  000.335: require('mason-core.async.control')
115.247  004.395  000.479: require('mason-core.installer')
115.900  000.649  000.649: require('mason-core.installer.handle')
117.214  000.210  000.210: require('mason-core.managers.powershell')
117.226  000.509  000.299: require('mason-core.fetch')
117.230  000.683  000.174: require('mason-core.managers.cargo.client')
118.022  000.381  000.381: require('mason-core.managers.std')
118.528  000.232  000.232: require('mason-core.providers')
118.550  000.522  000.291: require('mason-core.managers.github.client')
118.563  001.331  000.428: require('mason-core.managers.github')
118.591  002.427  000.413: require('mason-core.managers.cargo')
118.928  000.334  000.334: require('mason-core.managers.composer')
119.364  000.431  000.431: require('mason-core.managers.gem')
119.639  000.270  000.270: require('mason-core.managers.git')
120.029  000.386  000.386: require('mason-core.managers.go')
120.383  000.349  000.349: require('mason-core.managers.luarocks')
120.816  000.380  000.380: require('mason-core.managers.npm')
121.218  000.397  000.397: require('mason-core.managers.pip3')
121.228  005.322  000.349: require('mason-core.package.version-check')
121.241  010.845  000.480: require('mason-core.package')
121.636  000.366  000.366: require('mason-registry.typescript-language-server')
122.101  000.279  000.279: require('mason-registry.html-lsp')
122.317  000.197  000.197: require('mason-registry.css-lsp')
122.516  000.184  000.184: require('mason-registry.tailwindcss-language-server')
122.794  000.241  000.241: require('mason-registry.lua-language-server')
123.063  000.254  000.254: require('mason-registry.emmet-ls')
123.272  000.191  000.191: require('mason-registry.vue-language-server')
123.840  000.192  000.192: require('mason-core.functional.number')
123.879  000.600  000.408: require('mason-lspconfig.api.command')
124.072  000.189  000.189: require('mason-null-ls.settings')
124.285  000.191  000.191: require('mason-null-ls.ensure_installed')
124.552  000.229  000.229: require('mason-null-ls.mappings.source')
124.758  000.200  000.200: require('mason-registry.prettier')
124.997  000.210  000.210: require('mason-registry.stylua')
125.374  000.268  000.268: require('mason-registry.eslint_d')
125.692  000.297  000.297: require('mason-null-ls.automatic_installation')
126.306  000.413  000.413: require('mason-null-ls.api.command')
126.312  025.113  001.057: require('lsp.mason')
126.870  000.554  000.554: require('core.options')
127.472  000.595  000.595: require('core.keymaps')
127.479  117.863  000.111: sourcing /home/amm834/.config/nvim/init.lua
127.495  003.863: sourcing vimrc file(s)
128.180  000.027  000.027: sourcing /home/amm834/.local/share/nvim/site/pack/packer/start/LuaSnip/ftdetect/snippets.vim
128.902  001.030  001.002: sourcing /usr/share/nvim/runtime/filetype.lua
128.975  000.030  000.030: sourcing /usr/share/nvim/runtime/filetype.vim
129.560  000.195  000.195: sourcing /usr/share/nvim/runtime/syntax/synload.vim
129.848  000.727  000.532: sourcing /usr/share/nvim/runtime/syntax/syntax.vim
131.975  000.284  000.284: sourcing /usr/share/nvim/runtime/plugin/gzip.vim
132.032  000.018  000.018: sourcing /usr/share/nvim/runtime/plugin/health.vim
133.049  000.295  000.295: sourcing /usr/share/nvim/runtime/pack/dist/opt/matchit/plugin/matchit.vim
133.284  001.214  000.919: sourcing /usr/share/nvim/runtime/plugin/matchit.vim
133.616  000.296  000.296: sourcing /usr/share/nvim/runtime/plugin/matchparen.vim
134.413  000.752  000.752: sourcing /usr/share/nvim/runtime/plugin/netrwPlugin.vim
134.815  000.020  000.020: sourcing /home/amm834/.local/share/nvim/rplugin.vim
134.835  000.347  000.327: sourcing /usr/share/nvim/runtime/plugin/rplugin.vim
135.017  000.137  000.137: sourcing /usr/share/nvim/runtime/plugin/shada.vim
135.132  000.052  000.052: sourcing /usr/share/nvim/runtime/plugin/spellfile.vim
135.446  000.265  000.265: sourcing /usr/share/nvim/runtime/plugin/tarPlugin.vim
135.771  000.237  000.237: sourcing /usr/share/nvim/runtime/plugin/tohtml.vim
136.009  000.105  000.105: sourcing /usr/share/nvim/runtime/plugin/tutor.vim
136.538  000.403  000.403: sourcing /usr/share/nvim/runtime/plugin/zipPlugin.vim
142.202  000.121  000.121: sourcing /home/amm834/.local/share/nvim/site/pack/packer/start/dracula/autoload/dracula.vim
146.343  005.123  005.003: sourcing /home/amm834/.local/share/nvim/site/pack/packer/start/dracula/colors/dracula.vim
146.360  007.690  002.567: require('plugins.theme')
161.086  014.720  014.720: require('impatient')
161.255  000.083  000.083: require('lspsaga')
161.648  000.175  000.175: require('lspsaga.window')
161.664  000.341  000.166: require('lspsaga.libs')
161.936  000.131  000.131: require('lspsaga.wrap')
161.945  000.278  000.147: require('lspsaga.codeaction')
161.980  000.717  000.098: require('lspsaga.lightbulb')
162.118  000.107  000.107: require('lspsaga.lspkind')
162.124  001.023  000.115: require('lsp.saga')
162.245  000.064  000.064: require('packer.load')
163.269  000.150  000.150: require('cmp.utils.debug')
163.556  000.118  000.118: require('cmp.utils.char')
163.570  000.250  000.132: require('cmp.utils.str')
163.735  000.161  000.161: require('cmp.utils.pattern')
163.989  000.070  000.070: require('cmp.utils.misc')
164.041  000.047  000.047: require('cmp.utils.buffer')
164.102  000.058  000.058: require('cmp.utils.api')
164.112  000.316  000.141: require('cmp.utils.keymap')
164.118  000.379  000.062: require('cmp.utils.feedkeys')
164.220  000.099  000.099: require('cmp.utils.async')
164.437  000.093  000.093: require('cmp.types.cmp')
164.621  000.179  000.179: require('cmp.types.lsp')
164.673  000.047  000.047: require('cmp.types.vim')
164.677  000.395  000.075: require('cmp.types')
164.729  000.050  000.050: require('cmp.utils.cache')
164.739  000.515  000.070: require('cmp.context')
165.010  000.137  000.137: require('cmp.config.mapping')
165.165  000.074  000.074: require('cmp.config.compare')
165.169  000.153  000.080: require('cmp.config.default')
165.193  000.380  000.090: require('cmp.config')
165.374  000.055  000.055: require('cmp.matcher')
165.386  000.190  000.135: require('cmp.entry')
165.395  000.653  000.083: require('cmp.source')
165.587  000.102  000.102: require('cmp.utils.event')
165.756  000.107  000.107: require('cmp.utils.window')
165.762  000.170  000.063: require('cmp.view.docs_view')
166.001  000.121  000.121: require('cmp.utils.autocmd')
166.022  000.258  000.137: require('cmp.view.custom_entries_view')
166.111  000.086  000.086: require('cmp.view.wildmenu_entries_view')
166.181  000.067  000.067: require('cmp.view.native_entries_view')
166.261  000.077  000.077: require('cmp.view.ghost_text_view')
166.276  000.879  000.119: require('cmp.view')
166.427  003.420  000.334: require('cmp.core')
166.619  000.055  000.055: require('cmp.config.sources')
166.673  000.049  000.049: require('cmp.config.window')
166.742  004.563  000.975: require('cmp')
167.188  000.084  000.084: require('luasnip.session')
167.292  000.099  000.099: require('luasnip.util.util')
167.341  000.046  000.046: require('luasnip.util.types')
167.450  000.055  000.055: require('luasnip.util.ext_opts')
167.458  000.114  000.059: require('luasnip.nodes.util')
167.505  000.044  000.044: require('luasnip.util.events')
167.521  000.558  000.171: require('luasnip.nodes.node')
167.718  000.051  000.051: require('luasnip.util.extend_decorator')
167.731  000.207  000.157: require('luasnip.nodes.insertNode')
167.799  000.066  000.066: require('luasnip.nodes.textNode')
167.861  000.058  000.058: require('luasnip.util.mark')
168.389  000.471  000.471: require('luasnip.util._builtin_vars')
168.525  000.129  000.129: require('vim.inspect')
168.671  000.806  000.206: require('luasnip.util.environ')
168.765  000.090  000.090: require('luasnip.util.pattern_tokenizer')
168.822  000.053  000.053: require('luasnip.util.dict')
168.890  000.065  000.065: require('luasnip.session.snippet_collection')
168.963  002.122  000.219: require('luasnip.nodes.snippet')
169.081  000.049  000.049: require('luasnip.loaders._caches')
169.169  000.085  000.085: require('luasnip.util.path')
169.203  000.236  000.102: require('luasnip.loaders')
169.311  000.082  000.082: require('luasnip.nodes.functionNode')
169.452  000.137  000.137: require('luasnip.nodes.choiceNode')
169.569  000.113  000.113: require('luasnip.nodes.dynamicNode')
169.658  000.085  000.085: require('luasnip.nodes.restoreNode')
169.866  000.059  000.059: require('luasnip.util.parser.neovim_ast')
173.026  000.065  000.065: require('luasnip.util.directed_graph')
173.040  003.305  003.180: require('luasnip.util.parser.ast_utils')
173.200  000.058  000.058: require('luasnip.util.functions')
173.208  000.165  000.108: require('luasnip.util.parser.ast_parser')
173.333  000.122  000.122: require('luasnip.util.parser.neovim_parser')
173.395  000.058  000.058: require('luasnip.util.str')
173.403  003.739  000.089: require('luasnip.util.parser')
174.375  000.890  000.890: require('luasnip.extras.filetype_functions')
174.460  000.056  000.056: require('luasnip.nodes.absolute_indexer')
174.531  000.067  000.067: require('luasnip.extras')
174.655  000.071  000.071: require('luasnip.extras.fmt')
174.833  000.052  000.052: require('luasnip.extras.conditions')
174.883  000.046  000.046: require('luasnip.extras.conditions.show')
174.894  000.159  000.061: require('luasnip.extras.conditions.expand')
174.896  000.238  000.079: require('luasnip.extras.expand_conditions')
174.951  000.052  000.052: require('luasnip.extras.postfix')
175.285  001.880  000.507: require('luasnip.config')
175.292  008.546  000.154: require('luasnip')
175.386  000.092  000.092: require('lspkind')
175.542  000.063  000.063: require('luasnip.loaders.util')
175.603  000.057  000.057: require('luasnip.nodes.snippetProxy')
175.610  000.220  000.099: require('luasnip.loaders.from_vscode')
186.492  024.364  010.944: require('lsp.nvim_cmp')
187.397  000.060  000.060: require('nvim-autopairs._log')
187.474  000.070  000.070: require('nvim-autopairs.utils')
187.664  000.074  000.074: require('nvim-autopairs.conds')
187.671  000.136  000.063: require('nvim-autopairs.rule')
187.674  000.197  000.061: require('nvim-autopairs.rules.basic')
187.688  000.471  000.143: require('nvim-autopairs')
188.133  000.981  000.510: require('plugins.auto_pairs')
188.933  052.177  003.399: sourcing /home/amm834/.config/nvim/plugin/packer_compiled.lua
189.424  000.076  000.076: sourcing /usr/share/nvim/runtime/plugin/man.lua
189.453  003.807: loading rtp plugins
190.297  000.182  000.182: sourcing /home/amm834/.local/share/nvim/site/pack/packer/start/Comment.nvim/plugin/Comment.lua
190.725  000.278  000.278: sourcing /home/amm834/.local/share/nvim/site/pack/packer/start/LuaSnip/plugin/luasnip.vim
191.859  000.470  000.470: sourcing /home/amm834/.local/share/nvim/site/pack/packer/start/lspsaga.nvim/plugin/lspsaga.lua
192.406  000.071  000.071: require('cmp.utils.highlight')
192.930  000.650  000.579: sourcing /home/amm834/.local/share/nvim/site/pack/packer/start/nvim-cmp/plugin/cmp.lua
193.294  000.137  000.137: sourcing /home/amm834/.local/share/nvim/site/pack/packer/start/nvim-lspconfig/plugin/lspconfig.lua
193.578  000.137  000.137: sourcing /home/amm834/.local/share/nvim/site/pack/packer/start/nvim-web-devicons/plugin/nvim-web-devicons.vim
193.899  000.053  000.053: sourcing /home/amm834/.local/share/nvim/site/pack/packer/start/plenary.nvim/plugin/plenary.vim
194.145  000.018  000.018: sourcing /home/amm834/.local/share/nvim/site/pack/packer/start/which-key.nvim/plugin/which-key.vim
194.518  003.140: loading packages
197.444  000.062  000.062: require('gitsigns.async')
197.521  000.070  000.070: require('gitsigns.status')
197.702  000.066  000.066: require('gitsigns.debug')
197.774  000.068  000.068: require('gitsigns.util')
197.904  000.070  000.070: require('gitsigns.uv')
197.909  000.132  000.062: require('gitsigns.subprocess')
198.179  000.048  000.048: require('gitsigns.message')
198.205  000.182  000.134: require('gitsigns.config')
198.255  000.047  000.047: require('gitsigns.signs.base')
198.260  000.283  000.054: require('gitsigns.signs')
198.266  000.355  000.071: require('gitsigns.hunks')
198.281  000.754  000.134: require('gitsigns.git')
198.419  000.053  000.053: require('gitsigns.cache')
198.475  000.053  000.053: require('gitsigns.debounce')
198.525  000.046  000.046: require('gitsigns.diff')
198.542  000.259  000.108: require('gitsigns.manager')
198.613  000.067  000.067: require('gitsigns.highlight')
198.651  001.398  000.185: require('gitsigns')
198.812  001.675  000.277: sourcing /home/amm834/.local/share/nvim/site/pack/packer/start/dracula/after/plugin/dracula.vim
199.281  000.051  000.051: require('cmp_buffer.timer')
199.289  000.136  000.086: require('cmp_buffer.buffer')
199.294  000.203  000.067: require('cmp_buffer.source')
199.297  000.265  000.062: require('cmp_buffer')
199.332  000.367  000.102: sourcing /home/amm834/.local/share/nvim/site/pack/packer/start/cmp-buffer/after/plugin/cmp_buffer.lua
199.623  000.117  000.117: require('cmp_cmdline')
199.652  000.176  000.060: sourcing /home/amm834/.local/share/nvim/site/pack/packer/start/cmp-cmdline/after/plugin/cmp_cmdline.lua
199.904  000.064  000.064: sourcing /home/amm834/.local/share/nvim/site/pack/packer/start/cmp-nvim-lsp/after/plugin/cmp_nvim_lsp.lua
200.133  000.069  000.069: require('cmp_nvim_lua')
200.168  000.139  000.071: sourcing /home/amm834/.local/share/nvim/site/pack/packer/start/cmp-nvim-lua/after/plugin/cmp_nvim_lua.lua
200.477  000.098  000.098: require('cmp_path')
200.505  000.210  000.111: sourcing /home/amm834/.local/share/nvim/site/pack/packer/start/cmp-path/after/plugin/cmp_path.lua
200.751  000.076  000.076: require('cmp_luasnip')
200.813  000.171  000.096: sourcing /home/amm834/.local/share/nvim/site/pack/packer/start/cmp_luasnip/after/plugin/cmp_luasnip.lua
200.900  003.580: loading after plugins
200.921  000.022: inits 3
205.109  004.188: reading ShaDa
206.203  000.069  000.069: require('lualine_require')
206.699  000.679  000.611: require('lualine')
215.512  000.087  000.087: require('lualine.utils.mode')
215.764  009.827  009.060: require('plugins.lualine')
216.435  000.052  000.052: require('bufferline.lazy')
216.508  000.060  000.060: require('bufferline.constants')
216.598  000.086  000.086: require('bufferline.commands')
216.613  000.333  000.135: require('bufferline')
216.706  000.090  000.090: require('bufferline.utils')
216.894  000.181  000.181: require('bufferline.config')
217.026  000.124  000.124: require('bufferline.groups')
217.187  000.061  000.061: require('bufferline.colors')
217.566  000.150  000.150: require('bufferline.highlights')
218.787  000.111  000.111: require('bufferline.hover')
218.997  000.131  000.131: require('bufferline.ui')
219.059  002.842  001.662: require('plugins.buffer_line')
219.780  000.135  000.135: require('dashboard')
219.885  000.098  000.098: require('dashboard.session')
219.942  000.462  000.229: sourcing /home/amm834/.local/share/nvim/site/pack/packer/opt/dashboard-nvim/plugin/dashboard.lua
220.245  000.076  000.076: require('plugins.dashboard')
220.608  000.084  000.084: require('luasnip.loaders.from_lua')
220.730  000.081  000.081: require('luasnip.loaders.from_snipmate')
221.039  002.559: opening buffers
221.577  000.106  000.106: require('bufferline.state')
221.588  000.443: BufEnter autocommands
221.592  000.004: editing files in windows
230.034  000.080  000.080: require('dashboard.preview')
230.045  000.202  000.122: require('dashboard.events')
230.107  008.313: VimEnter autocommands
230.111  000.004: UIEnter autocommands
231.025  000.648  000.648: sourcing /usr/share/nvim/runtime/autoload/provider/clipboard.vim
231.039  000.279: before starting main loop
231.982  000.943: first screen update
231.987  000.005: --- NVIM STARTED ---
